<?xml version="1.0" encoding="UTF-8"?>
<!-- Generated by org.testng.reporters.JUnitXMLReporter -->
<testsuite ignored="0" hostname="MacBook-Pro.local" failures="4" tests="7" name="RediffTest" time="29.89" errors="0" timestamp="2022-04-02T17:10:31 PDT">
  <testcase classname="com.andoroathodi.E2EApril2.exectuinClass" name="GoogleTest" time="11.456"/>
  <testcase classname="com.andoroathodi.E2EApril2.exectuinClass" name="valdiateUserDetails" time="1.443"/>
  <testcase classname="com.andoroathodi.E2EApril2.exectuinClass" name="valdiateUserDetails" time="4.041">
    <failure type="java.lang.AssertionError" message="expected:&amp;lt;Wrong username and password combination.&amp;gt; but was:&amp;lt;Temporary error occured[#5001], please try again.&amp;gt;">
      <![CDATA[java.lang.AssertionError: expected:<Wrong username and password combination.> but was:<Temporary error occured[#5001], please try again.>
at com.andoroathodi.E2EApril2.exectuinClass.valdiateUserDetails(exectuinClass.java:63)
at java.base/java.util.ArrayList.forEach(ArrayList.java:1511)
... Removed 33 stack frames]]>
    </failure>
  </testcase> <!-- valdiateUserDetails -->
  <testcase classname="com.andoroathodi.E2EApril2.exectuinClass" name="validateNewAcntText" time="0.941">
    <failure type="java.lang.AssertionError" message="expected:&amp;lt;Create a new account&amp;gt; but was:&amp;lt;Create new account&amp;gt;">
      <![CDATA[java.lang.AssertionError: expected:<Create a new account> but was:<Create new account>
at com.andoroathodi.E2EApril2.exectuinClass.validateNewAcntText(exectuinClass.java:72)
at java.base/java.util.ArrayList.forEach(ArrayList.java:1511)
... Removed 33 stack frames]]>
    </failure>
  </testcase> <!-- validateNewAcntText -->
  <testcase classname="com.andoroathodi.E2EApril2.tst" name="test1" time="0.002">
    <failure type="java.lang.AssertionError" message="expected:&amp;lt;5&amp;gt; but was:&amp;lt;6&amp;gt;">
      <![CDATA[java.lang.AssertionError: expected:<5> but was:<6>
at com.andoroathodi.E2EApril2.tst.test1(tst.java:19)
at java.base/java.util.ArrayList.forEach(ArrayList.java:1511)
... Removed 36 stack frames]]>
    </failure>
  </testcase> <!-- test1 -->
  <testcase classname="com.andoroathodi.E2EApril2.tst" name="test2" time="0.001"/>
  <testcase classname="com.andoroathodi.E2EApril2.tst" name="test3" time="0.007">
    <failure type="java.lang.AssertionError" message="expected:&amp;lt;5&amp;gt; but was:&amp;lt;9&amp;gt;">
      <![CDATA[java.lang.AssertionError: expected:<5> but was:<9>
at com.andoroathodi.E2EApril2.tst.test3(tst.java:42)
at java.base/java.util.ArrayList.forEach(ArrayList.java:1511)
... Removed 36 stack frames]]>
    </failure>
  </testcase> <!-- test3 -->
</testsuite> <!-- RediffTest -->
